Seed set to 42
GPU available: True (cuda), used: True
TPU available: False, using: 0 TPU cores
💡 Tip: For seamless cloud logging and experiment tracking, try installing [litlogger](https://pypi.org/project/litlogger/) to enable LitLogger, which logs metrics and artifacts automatically to the Lightning Experiments platform.
/home/rwu4/miniconda3/envs/geothermal-pomdp/lib/python3.11/site-packages/lightning/fabric/loggers/csv_logs.py:268: Experiment logs directory trained/nodecnn_wept/geothermal_hetero_gnn/run_00 exists and is not empty. Previous log files in this directory will be deleted when the new ones are saved!
LOCAL_RANK: 0 - CUDA_VISIBLE_DEVICES: [0,1]
Skipped 1 cases with 0 wells.
Prediction mode: node_wept (level=node)
Derived geology indices from case_ids/fingerprints: 2676 cases over 15 geologies
Loaded 2676 hetero graphs from compiled_CNN_patched.h5
Target range: min=42547544064.0000, max=888807096320.0000
Node feature dimension after scaling/whitening: 41
Global feature dimension: 8
Split sizes: train=1872, val=402, test=402
Caching entire dataset directly to GPU (cuda:1) VRAM...
Set num_workers=0 to support native CUDA dataset persistence.
┏━━━━┳━━━━━━━━━━━━━━━━━━━━━┳━━━━━━━━━━━━━━━━━━━━━━━━━━┳━━━━━━━━┳━━━━━━━┳━━━━━━━┓
┃    ┃ Name                ┃ Type                     ┃ Params ┃ Mode  ┃ FLOPs ┃
┡━━━━╇━━━━━━━━━━━━━━━━━━━━━╇━━━━━━━━━━━━━━━━━━━━━━━━━━╇━━━━━━━━╇━━━━━━━╇━━━━━━━┩
│ 0  │ node_slab_extractor │ PhysicsNodeSlabExtractor │      0 │ train │     0 │
│ 1  │ node_cnn            │ PhysicsNodeSlabCNN       │ 49.0 K │ train │     0 │
│ 2  │ slab_extractor      │ PhysicsSlabExtractor     │      0 │ train │     0 │
│ 3  │ edge_cnn            │ PhysicsSlabCNN           │ 50.0 K │ train │     0 │
│ 4  │ convs               │ ModuleList               │  326 K │ train │     0 │
│ 5  │ norms               │ ModuleList               │    128 │ train │     0 │
│ 6  │ residual_proj       │ ModuleList               │  1.3 K │ train │     0 │
│ 7  │ activation          │ GELU                     │      0 │ train │     0 │
│ 8  │ dropout_layer       │ Dropout                  │      0 │ train │     0 │
│ 9  │ head                │ Sequential               │  1.8 K │ train │     0 │
│ 10 │ loss_fn             │ MSELoss                  │      0 │ train │     0 │
└────┴─────────────────────┴──────────────────────────┴────────┴───────┴───────┘
Trainable params: 428 K                                                                                                                                                      
Non-trainable params: 0                                                                                                                                                      
Total params: 428 K                                                                                                                                                          
Total estimated model params size (MB): 1                                                                                                                                    
Modules in train mode: 135                                                                                                                                                   
Modules in eval mode: 0                                                                                                                                                      
Total FLOPs: 0                                                                                                                                                               
/home/rwu4/miniconda3/envs/geothermal-pomdp/lib/python3.11/site-packages/lightning/pytorch/utilities/_pytree.py:21: `isinstance(treespec, LeafSpec)` is deprecated, use `isinstance(treespec, TreeSpec) and treespec.is_leaf()` instead.
/home/rwu4/miniconda3/envs/geothermal-pomdp/lib/python3.11/site-packages/lightning/pytorch/trainer/connectors/data_connector.py:434: The 'val_dataloader' does not have many workers which may be a bottleneck. Consider increasing the value of the `num_workers` argument` to `num_workers=127` in the `DataLoader` to improve performance.
/home/rwu4/miniconda3/envs/geothermal-pomdp/lib/python3.11/site-packages/lightning/pytorch/trainer/connectors/data_connector.py:434: The 'train_dataloader' does not have many workers which may be a bottleneck. Consider increasing the value of the `num_workers` argument` to `num_workers=127` in the `DataLoader` to improve performance.
Epoch 119/179 ━━━━━━━━━━━━━━━━━━━━━━━━━━━━━━━━━━━━━━━━ 117/117 0:00:38 • 0:00:00 3.01it/s v_num: n_00 val_loss: 0.045 train_loss: 0.003
Best checkpoint: /home/rwu4/omv_geothermal/Geothermal_Graph_Surrogate/trained/nodecnn_wept/geothermal_hetero_gnn/run_00/checkpoints/best-epoch=059-val_loss=0.0439.ckpt
Saved scaler: /home/rwu4/omv_geothermal/Geothermal_Graph_Surrogate/trained/nodecnn_wept/geothermal_hetero_gnn/run_00/checkpoints/scaler.pkl

Metrics in original target units:
  train | MAE=32922335232.0 | MedAE=14812217344.0 | RMSE=56665577922.8 | MAPE=  9.4% | R2=0.9909
Saved predictions: trained/nodecnn_wept/geothermal_hetero_gnn/run_00/plots/train_predictions.csv
Saved plot: trained/nodecnn_wept/geothermal_hetero_gnn/run_00/plots/train_highest_error_cases.png
Saved plot: trained/nodecnn_wept/geothermal_hetero_gnn/run_00/plots/train_lowest_error_cases.png
Saved plot: trained/nodecnn_wept/geothermal_hetero_gnn/run_00/plots/train_highest_error_graph_xy.png
Saved plot: trained/nodecnn_wept/geothermal_hetero_gnn/run_00/plots/train_lowest_error_graph_xy.png
  val   | MAE=71611138048.0 | MedAE=19668795392.0 | RMSE=137420028649.1 | MAPE= 21.1% | R2=0.9437
Saved predictions: trained/nodecnn_wept/geothermal_hetero_gnn/run_00/plots/val_predictions.csv
Saved plot: trained/nodecnn_wept/geothermal_hetero_gnn/run_00/plots/val_highest_error_cases.png
Saved plot: trained/nodecnn_wept/geothermal_hetero_gnn/run_00/plots/val_lowest_error_cases.png
Saved plot: trained/nodecnn_wept/geothermal_hetero_gnn/run_00/plots/val_highest_error_graph_xy.png
Saved plot: trained/nodecnn_wept/geothermal_hetero_gnn/run_00/plots/val_lowest_error_graph_xy.png
  test  | MAE=67640877056.0 | MedAE=19119833088.0 | RMSE=126104805433.5 | MAPE= 20.7% | R2=0.9509
Saved predictions: trained/nodecnn_wept/geothermal_hetero_gnn/run_00/plots/test_predictions.csv
Saved plot: trained/nodecnn_wept/geothermal_hetero_gnn/run_00/plots/test_highest_error_cases.png
Saved plot: trained/nodecnn_wept/geothermal_hetero_gnn/run_00/plots/test_lowest_error_cases.png
Saved plot: trained/nodecnn_wept/geothermal_hetero_gnn/run_00/plots/test_highest_error_graph_xy.png
Saved plot: trained/nodecnn_wept/geothermal_hetero_gnn/run_00/plots/test_lowest_error_graph_xy.png
Saved plot: trained/nodecnn_wept/geothermal_hetero_gnn/run_00/plots/combined_prediction_error_dists.png
Saved metrics text summary: trained/nodecnn_wept/geothermal_hetero_gnn/run_00/plots/metrics_summary.txt
Saved metrics JSON summary: trained/nodecnn_wept/geothermal_hetero_gnn/run_00/plots/metrics_summary.json
Saved metric tracking curves: trained/nodecnn_wept/geothermal_hetero_gnn/run_00/plots/loss_over_time.png
